<?xml version="1.0" encoding="UTF-8"?>
<!-- Generated by org.testng.reporters.JUnitReportReporter -->
<testsuite hostname="MacBook-Pro.local" name="com.jaguar.om.test.DAOTest" tests="1" failures="0" timestamp="20 Jun 2017 18:04:47 GMT" time="10.821" errors="0">
  <testcase name="testCreatingApplicationContext" time="10.821" classname="com.jaguar.om.test.DAOTest"/>
</testsuite> <!-- com.jaguar.om.test.DAOTest -->
